<?xml version="1.0" encoding="UTF-8"?>
<!-- Generated by org.testng.reporters.JUnitXMLReporter -->
<testsuite ignored="0" hostname="ranvitha-PC" failures="0" tests="8" name="infotest" time="16.829" errors="0" timestamp="2021-11-03T16:08:55 IST">
  <testcase classname="com.info.testcases.Testcaseget" name="checkreposnsebody" time="0.054"/>
  <testcase classname="com.info.testcases.Testcaseget" name="checkstatuscode" time="0.002"/>
  <testcase classname="com.info.testcases.Singlegetuser" name="checkreposnsebody" time="0.003"/>
  <testcase classname="com.info.testcases.Singlegetuser" name="checkstatuscode" time="0.002"/>
  <testcase classname="com.info.testcases.Postdata" name="checkreposnsebody" time="0.002"/>
  <testcase classname="com.info.testcases.Postdata" name="checkstatuscode" time="0.001"/>
  <testcase classname="com.info.testcases.Putdata" name="checkreposnsebody" time="0.002"/>
  <testcase classname="com.info.testcases.Putdata" name="checkstatuscode" time="0.002"/>
</testsuite> <!-- infotest -->
